AutoRes is starting
Respawning
adStatis
getAdStatList trk.data.list
success 8carun b3df4e3d80fe73cf8be9c77695643d50
success 8carun 1e49850ff311331e723f877ecfa05508
success a5tngj 822a1eee5a2e697ea58abcfb5ed0e4d0
success npk7n1 bbee8b65308ff1a722cdd29003ac5baa
success npk7n1 de592dddaaea599629824205e62d2c30
success 77g6j8 4119269db9a6837eaeeab65711e53550
success a5tngj 1184e5a546d3c0cc8f991095c9b4db85
success 77g6j8 760509fce24aafaba7b2a41446cf4096
success npk7n1 fc93c34ca5b213e595c61c7bba9c8592
success a5tngj b77e160fdcbf9b92a97ecf4292a6e008
success a5tngj c748a0786d6b341f2cb474859f90aa74
success npk7n1 99f526c7c604f6ecdb7453fa58aede65
success npk7n1 6eeaaa29d5a0089d30017707bb854d8a
success npk7n1 08963b1adc98a35833f2758f80b74c47
success a5tngj a53f0493a3e4576d8e8ead80b9b89b8a
success 77g6j8 0c151ee2b477811fc01f8ef3f34c0d00
success npk7n1 7fce05bc3bc39c09d66edac6a11ddc02
success npk7n1 0260794be2864fe2815704ae649ee757
success 77g6j8 c7118097703f2e735e7fafbf22fcb61b
success a5tngj 32df1e312855fca13b8f75743ed13034
success npk7n1 79543c67cd84dc2e3bc8beeb0fd84ed1
success 77g6j8 f86267e383bfa785e388226e541ef091
success npk7n1 d74de4fc0a432c8de97b4dfcedfd7fc2
success 77g6j8 746a0630b405679e377ba0c5b920dba5
success 77g6j8 2fc8cc66c2e6f7ebfb3d1f667126d9fe
success 77g6j8 0c6c29dc46177d70e8a185700219d1f3
success a5tngj 26eeb7e10aa162fc89fd9c92375f18b4
success a5tngj f0a50bf68ac67adc813278158fca58ed
success 77g6j8 eefd509e77973531f47872659d647c03
success npk7n1 3a8988be420df263363c502dfc53bc79
success 77g6j8 b0b029fb1311e06ffa078bbe5e442e4c
success a5tngj a8be9c3a753addbabe68e198ea3a94cb
success 3vfz6z 0b8b81e22aca5393a0d7c66f0b14c0c1
success 8carun 3548025dd9937dc1657aad7c69228a1a
success kpmyqv e1e88585c4f9551a34bf995c4af51ed3
success npk7n1 95cbd5117d527499deac0460555a7b3f
success 77g6j8 4b849a4af6d68f1d5776b83bf7f47010
success npk7n1 bafb2cb673694191640ba62df790495a
success a5tngj 753bb26e6b18ff53acde059d6ef66217
success npk7n1 a7d51360e374ca067ecc278a23cbe451
success 77g6j8 3558fd09240c19089b647cb989314472
success a5tngj 3257c45b548ab8319deddcd8c915dae6
success 77g6j8 cc518947c1408d8af1b84f66bf0a75a5
success 77g6j8 3d0f1e2f5936a6082273b4b472003015
success npk7n1 025dd859bfc3b1b8bbdfdb21d14a11d3
success npk7n1 25a3cf4f1048413d9545b917a23dfdac
success 77g6j8 f3f17fbe24565b08cc4a6e315eb488be
success 8carun e5371dc16d7974402d35417343c87f59
success 77g6j8 a853d6ba3cb484ad86d20332ba71f3cc
success npk7n1 4f852bed841a2cac40c6497ec8010ea1
success npk7n1 08963b1adc98a35833f2758f80b74c47
success npk7n1 c3f10dda96ae1a7451e670b76e471539
success 77g6j8 7d9c3b2a7bded676d5e4522964b61428
success npk7n1 b3472fdbaee64fab65e82f5730186bb6
success a5tngj 8930ce0e306bc23a67abcbb6166c9e38
success npk7n1 220bd16ac37baabdcf4638a907d29e54
success npk7n1 0260794be2864fe2815704ae649ee757
success gz8zzc 16cb845e9415a4fb42c9e1dda6eb1de3
success 77g6j8 ec0f600759e8ee63d5373460f084616a
success npk7n1 ab223f1c0403c10a9bdc22412a07e340
success 77g6j8 301d4669d6ee85ff9f31142bb0c35789
success npk7n1 84e37b7019602c21f32b9b6ce8b13c55
success a5tngj 4562f31546f43c5fd40b9b896d8f97ed
success npk7n1 f65460cd8c50299ee7f308ee9ee3cd35
success npk7n1 ddd9e5bf9b10a5f4d3ef17854ace917d
success kpmyqv 181e026dccfce73005f93e13bd7a88da
success a5tngj e9e6cee356cc3c37c22b952f085110c6
success npk7n1 3eb27bd07fda5731ca91ab9637298358
success npk7n1 9e7b350eb18df3d65ecbce1974406cce
success npk7n1 85f0303b04843ec931a9643ef9855dec
success npk7n1 784cab55827478ac57f41e14ca39f2b9
success a5tngj c8099a8ad1db20be0e548035f54b4e6d
success 77g6j8 24be3e17604c3fa5dcb9374be3bc0003
success 77g6j8 5eb6ad90e9e285883cbfe6061a7c4955
success a5tngj dcfa664567387b2ba5d92de63cbf13a2
success a5tngj 643d1735938e93bc22a0f9f17200b73d
success npk7n1 8f468c8dfe4059cf6ba33d8d2b22e8ed
success npk7n1 6eeaaa29d5a0089d30017707bb854d8a
success i6crze 0616c7a5201f95cb7c56d686913449e9
success npk7n1 0260794be2864fe2815704ae649ee757
success npk7n1 a4c465b944017403b183aed0a5cbfbb9
success a5tngj 5a983b4fafee29234e8315d0dc8f7d7f
success npk7n1 08963b1adc98a35833f2758f80b74c47
success npk7n1 12adef170ace7ed5fd27695beb954f8a
success 77g6j8 f747d496c1b83da7b75be96f62e1d171
success 77g6j8 a01a9304eda3beb3862c91ef33940a1b
success 77g6j8 4e1c010f20e3eef8bf6cc77a4f8d2f5a
success a5tngj c64847112faae57f6accefe0ef1f1f09
success a5tngj cb816ec5eb0dcec2a0dfa944c02fb0c2
success a5tngj 41240b27448f82392c53990ab67fa1c9
success 77g6j8 6ee5fa115f5e9fdcdf40814233885b9b
success a5tngj 71176b264f0d870860306e1b57165513
success npk7n1 e9474dda5ceb6d1c1c80a56122059b40
success npk7n1 0260794be2864fe2815704ae649ee757
success mhavjj 8de41ace00f1732854bdde30ea67ee5b
success a5tngj 4afb3088c0740817bee90463a2a76c1b
success npk7n1 9004b45100408c3dc5e74ce87848bcaa
success npk7n1 8ab5792c6b15d9430feeea61ce7eed20
success npk7n1 37b9c2e1ce0d2f653ea947df1dc19d66
success npk7n1 5a05a2c7acbf365851df17c2c5766771
success 77g6j8 2430623ed22cbc99935528e48feb9725
success npk7n1 f65460cd8c50299ee7f308ee9ee3cd35
success npk7n1 52153375dce9c414d8e21718cb87a52b
success npk7n1 d4ef525ced01623452b23d9670d325ee
success a5tngj 53b675346a3a99fe3813684f1c0ed09c
success 77g6j8 fba2e1c8463c5a769b7caa2117c6458a
success npk7n1 035d880f9c8ba204e22afe4b39411430
success 77g6j8 660da128be7ec9746e1c57b10b221bb7
success npk7n1 bebf0f71419fcdeeb201c703d7cfd711
success 77g6j8 e7ca6b756fd46bcfc0de403782f71a69
success 8carun 4b3706a47dff78565a7fc7b04cece6df
success npk7n1 19ab4bc7f9fbc73ccb6e12fbae1b48c1
success npk7n1 e5725b67257debb56b1b74329412b7fe
success 77g6j8 13e976bc0a85f87bb1d394ec32577ea3
success npk7n1 9e93fbbdebc5159bb6f1f460ef0b466b
success 77g6j8 3a711f1dc3a4c8e5643eb50ba6393bea
success a5tngj eb0eb43d2e73cffcebfe3a80929757d2
success 77g6j8 72a92f41bb6437902a57b45a7e2ea2a9
success a5tngj 817ddc13254c5376e617a56907c2e2ad
success a5tngj 635f6ada9fc1e9237ec9ea65e105e2d3
success 8carun 96c9f0dfa50da846f621ecb6fc29ffc7
success npk7n1 0260794be2864fe2815704ae649ee757
success npk7n1 362953fff0359648ce7c5f56b6eb3080
success a5tngj 26fb977823c9ba4f2114490c0806c710
success 77g6j8 752c40bef853cc78742ca48f26953290
success npk7n1 041cf6265040cc5d66e7c2c3095472ac
success 77g6j8 ebec50624b2bbf03ea8c810600c074cc
success 8carun 84909da85e3bf89a68b4296214d18c2d
success npk7n1 3f341573620acbd7d9973eedfbf67b28
success npk7n1 8385675907f91f25d639f6a7d297cbf8
success npk7n1 f65460cd8c50299ee7f308ee9ee3cd35
success npk7n1 0260794be2864fe2815704ae649ee757
success a5tngj c0ce6d39551f7a4b0e0bc9deaafb7745
success 77g6j8 764521d88f6e12f7f39d7563375a9d09
success npk7n1 9239931415df363fde9d48d51f2322ed
success npk7n1 0b79b5b7f9a61f736a5ec2029f886ac7
success 77g6j8 4d1450c5f11b9375a7bc537c9704c503
success a5tngj 01ad2975bfff905514d5caf3c1e488df
success a5tngj 5340d38520a548b9b3de63544341fe4a
success 77g6j8 991c57ceb1752180b9de2c7ac8c52f07
success i6crze 85d3d5aca7ab3d0ece9dad4ce4a11714
success npk7n1 4b9ab7f6156ab85cf0959e32f95ffa28
success npk7n1 d00d0d919034740eddeb61b7d1de20ef
success 77g6j8 997359fffe06e55bc3b6d07ad9b9f282
success npk7n1 95d92834f949d30c378adcc9370a783c
success 77g6j8 85e1d82eba8c6ff8eb65eb3fb8b92a38
success a5tngj aaa0377b9d34ce8378da25bc2c304ef2
success npk7n1 3803ecd36f1f462de9580afd79cb7cb7
success 77g6j8 2436bb3a7f67003cc19c30f31fc109be
success npk7n1 08963b1adc98a35833f2758f80b74c47
success a5tngj b7887f40ec1007416d59ee8dd3029548
success 77g6j8 a7acb2a486dec4537c5465601107b4dc
success npk7n1 f65460cd8c50299ee7f308ee9ee3cd35
success 77g6j8 a48de08b55f9af09e82fb342551d5e4b
success 8carun 77dc5a050bee2652ac7991b329e12fc6
success a5tngj 84f7eefb5829f71abf72340421ebe2c5
success 8carun f643f0170aaca83f945f676e7550b76c
success npk7n1 dbb251e2270ff6b8330252692d0018c7
success npk7n1 4ddf9fa5c16361893820a187dc2037db
success npk7n1 6f29b9e593d5860d41e9b1a733264064
success 77g6j8 27ce3343649bb3a48921139a212b94b4
success 77g6j8 729f6ac8012b720399d99077d01efa1d
success a5tngj d4155fb0c8a977c0067195cae8f4d602
success 77g6j8 d619305c6cbed71e3902b930ab30a6ab
success npk7n1 95d92834f949d30c378adcc9370a783c
success npk7n1 b0a4a3e4451d553c913e126b6c28ba06
success 77g6j8 d0261ae447da4493cb9fed90c9fe1869
success npk7n1 3a89a3bfe070b08b0e7e38c57fa1f3f5
success a5tngj 408a293e32714a22d5232baa6783e1fc
success npk7n1 6fa94a13262f6c23e400a07c97dbdc62
success npk7n1 08963b1adc98a35833f2758f80b74c47
success 77g6j8 d49bab328be022087a0cb3cc0532e1f1
success npk7n1 ffd20316f3db01ed398df08b3398dd20
success npk7n1 3a8988be420df263363c502dfc53bc79
success a5tngj 08bfd2364019dc90a152dec5b9236323
success a5tngj 7b81e0c40b26a18a67d2c2bcbf7ab0a0
success npk7n1 b0a4a3e4451d553c913e126b6c28ba06
success npk7n1 e45e265662f8fe50df80785f3dc920a9
success 8carun 6ce7db20bbc0d9079593fde6efef5c89
success a5tngj 02f2c312780f408dac56e116d33e619c
success a5tngj 33b06e93fdba132bc73f43bc8b227acf
success 8carun 01a9631785d8a99c6609084d6836a7fb
success npk7n1 95d92834f949d30c378adcc9370a783c
success npk7n1 b0a4a3e4451d553c913e126b6c28ba06
success a5tngj cee6e2781ca10565628be71ee8aa6d82
success 77g6j8 fceaaba359de796fe2dfb839dacc9c8d
success npk7n1 0fbd023c8d5389376a728d7856021c5c
success a5tngj b85ea0da3823f4f03e9cf8666357ce81
success 77g6j8 fbb01f6e185b16699e91760bb74faf46
success kpmyqv 0e2f9ce3d48628b7bd62a91bbcdb91c3
success npk7n1 913edb373ebee9a70c97f9b0d8fc87a5
success npk7n1 f9f31babd61f11b43756f7472b76248b
success 8carun eae793defde6948147e2c14334a0d84b
success npk7n1 95d92834f949d30c378adcc9370a783c
success npk7n1 6eeaaa29d5a0089d30017707bb854d8a
success a5tngj 1a3d2096a2d60597d69ab0006758acf2
success npk7n1 35f9edd2b8dbd783edfb9b3f515235b9
success npk7n1 85f0303b04843ec931a9643ef9855dec
success npk7n1 cf7947e7049436aad17ae66102542b04
success npk7n1 f65460cd8c50299ee7f308ee9ee3cd35
success npk7n1 bcb0072438f33572d8d64d577a0844e9
success gz8zzc 2952620a96f2fb87f08a02c17038910d
success npk7n1 1b3e69454d2a3c2214a2bb0d80dc8eb6
success npk7n1 dc5f14b6123226a8fcf7048b9957ca25
success a5tngj 4603eda7dff3af8d2375aa4ed8e7ce1b
success 77g6j8 89e60c9ef66613dd9484f9510fe7c03d
success 77g6j8 4dc9bbf554eec9a46390cc3c76ccafb8
success npk7n1 bb1a190a6f7b5ae18ef714b16a59c7d5
success kpmyqv e0dd72c88dcc49829013221d77feae51
success a5tngj 66d98a103bbf784e0e41ed5cdab9dca0
success npk7n1 bcb0072438f33572d8d64d577a0844e9
success 77g6j8 71d9569f7ace102549dc0205c3286791
success a5tngj e394f31837427cdba3e78c73a2287705
success 77g6j8 3a3b2067c63d74051a2205b19cf542ff
success npk7n1 06d6b11e9c93df47572a61eeed587fa5
success npk7n1 95d92834f949d30c378adcc9370a783c
success a5tngj daa033f519513f98a4844e07eef325da
success 77g6j8 5a363c02776f90aad4bfd48cf722e150
success a5tngj 4ecb39ed0c2782357b67e31f6b7e288b
success a5tngj e01d14676936fc6816b7887a67060aef
success a5tngj 1c8e8fb660c3912216273d003968a42d
success npk7n1 3e2b56ff99a5b6cb22b95cb226e0f3de
success a5tngj a529744d7093f16651fdc2f25e48b2e3
success npk7n1 77cc0eeee644266a62135a5304b9a3ab
success npk7n1 9e5d8297e3452baec9da449bfe8b79fa
success 77g6j8 6fecf38cb77cf26b41232a4b8af33428
success npk7n1 54d4ef42c09c5cc2d5d313f7b80d2fd7
success npk7n1 8a2e5dc5197a40b7e6b565f13849eb17
success a5tngj 5917df613db4c3c5be4760ac92047951
success fraewo 26daa7da7c75578220b6869f659c30fb
success npk7n1 54d4ef42c09c5cc2d5d313f7b80d2fd7
success a5tngj 4e58aefa71ec8223cffa2890de61f854
success 77g6j8 929cb1c7629d59290617726197a1d560
success a5tngj 99b5e8304191c4e5e33f72856884b45d
success npk7n1 bcb0072438f33572d8d64d577a0844e9
success kpmyqv 104ce66358bf528d4efcb4c94ef1deeb
success npk7n1 d87effc87afbf889e20fbea5f4e5ca41
success npk7n1 5c2207ebeecb5a0ae7902c7539112534
success npk7n1 e57bd482511c4fe34d5fa4fac0894426
success npk7n1 95d92834f949d30c378adcc9370a783c
success 77g6j8 4d0ebbde3e913302b143ab357ccc5e89
success npk7n1 7b004afa9a668bd58f065c980c1e1811
success npk7n1 54d4ef42c09c5cc2d5d313f7b80d2fd7
success npk7n1 ca688a733a414b73d37cee7c16a6bfe4
success npk7n1 4f5e9bfaf039794d48933fc24114263f
success npk7n1 c0a10a402c92a8d0b644bfd3188ed749
success npk7n1 85f0303b04843ec931a9643ef9855dec
success a5tngj ec5a9229d471414bcb34a00274279237
success npk7n1 d9e23a7444fddd5a9a758504831ecfd3
success npk7n1 23c5a126093176ccebf6234d7a792b61
success npk7n1 1d6f9317712520b08f5a9a5479fd387a
success 8carun 879cdf375b617cac4f49d9aad04f8d6d
success 77g6j8 c99ef0339711252de18fc2c9a62cfb81
success a5tngj e93306517407d9fb4e4a528b6bafd672
success npk7n1 3f341573620acbd7d9973eedfbf67b28
success 77g6j8 5af472c4c958f7ef53178a058dcfaf77
success a5tngj 87bd8a71da776b98ab2a36dd2b6524ad
success 77g6j8 c450e51d70db2cb1a967e8feda29d20c
success a5tngj 7016768d32122084a2f9f1da8e440304
success 8carun a29a11ef952d5b1cad747ce00cbbf62a
success a5tngj fc8a3c6757cc7a96aec5d17672f4a2b9
success 77g6j8 e3ca37a3fe41d8b457eea391555f7264
success npk7n1 3c0db21660047b77dd85aa03c939e8ab
success a5tngj ef9c6d5c6532ba96b78dfdab00aa98c1
success a5tngj 7c87eb74f2cd70f707e5b7ec0dcabc6f
success npk7n1 c50c9889d4e2fdaf068c8078321000a7
success npk7n1 3803ecd36f1f462de9580afd79cb7cb7
success 8carun be0ad5b28b83ce88ea0711bc54c7b6c1
success 77g6j8 8721056582ccc4bd316cd371581d300a
success npk7n1 784cab55827478ac57f41e14ca39f2b9
success npk7n1 3a8988be420df263363c502dfc53bc79
success npk7n1 81e1c907045991b2e8b615c7f41ebbd6
success npk7n1 23c5a126093176ccebf6234d7a792b61
success npk7n1 5c2207ebeecb5a0ae7902c7539112534
success npk7n1 443ce11be3c5cc2c9b219ebbfe236fa8
success 8carun 351829138d2c3032e7da793798cf91f3
success a5tngj 6b92520508ec073cc48209f983d573ac
success 77g6j8 ae41824b444e7c7fae6657a178d38e75
success npk7n1 85f0303b04843ec931a9643ef9855dec
success npk7n1 7d37ff7aa08025c4ce43f136ab74d98d
success a5tngj 741bfff527acbd3cfd34a6826739d2a1
success 77g6j8 3c6101f5e162112306c061cca5caa4f0
success npk7n1 0f6f1b4b5b816d72fe92831a9b21cd69
success npk7n1 95d92834f949d30c378adcc9370a783c
success a5tngj e2f41c05604f879bc5c2b5bbd1e32cdc
success a5tngj 4b6eaf6bffed2e8c1cb06f77d6d033f9
success a5tngj 65c4ff07d6fa3e80006405902dc5f63b
success a5tngj b8efbfc358ec5da94dcffb5e8c47afa2
success a5tngj ac16f506b18d821fe5c9a416d46a153b
success npk7n1 6e30e60caece02a17f91d36ffdb25d7a
success npk7n1 784cab55827478ac57f41e14ca39f2b9
success 77g6j8 858154a8ad3a1e7008b48f85e04f2513
success npk7n1 3cd85359fbc5bfeef10af422310ca769
success a5tngj 979877f56566405a0b56f8c64015dd1e
success npk7n1 85f0303b04843ec931a9643ef9855dec
success npk7n1 cf51cdfefbc2d75d1bb45206b0d78588
success npk7n1 95d92834f949d30c378adcc9370a783c
success npk7n1 e45e265662f8fe50df80785f3dc920a9
success kpmyqv f8c17b621c130d9314146af7967ec192
success npk7n1 e6b6c4f1ba94b508a6e1d75b0736af8f
success npk7n1 b0a4a3e4451d553c913e126b6c28ba06
success npk7n1 c0a10a402c92a8d0b644bfd3188ed749
success gz8zzc 965ab04b3092fedcfe4adccc5eb39a93
success a5tngj 07035c28f50753e668f3f2861527adf1
success 77g6j8 25ac69ed001fe719d860d941653d2603
success a5tngj 9bd5f63cbbaae6dd3eaf70291ca4cc92
success 77g6j8 ba52510256598e10eaf6947baff65b50
success npk7n1 c4e20cc3b5733379619ac172ef475fbe
success 8carun 15c87960cc18b6fb9fc0171282b22024
success npk7n1 23c5a126093176ccebf6234d7a792b61
success npk7n1 2880521f79c79e164e5edad4d57edd8c
success npk7n1 bcb0072438f33572d8d64d577a0844e9
success npk7n1 3eb27bd07fda5731ca91ab9637298358
success 77g6j8 50a76208d9efbe282990d116ba979631
success kpmyqv d9317f03c6feb172cf468ca0e671557f
success npk7n1 9e5d8297e3452baec9da449bfe8b79fa
success a5tngj d8f60e2ea9b8aacd5317330eef714121
success a5tngj fc24bcba04200053ab5774416419a3cf
success 77g6j8 6a0ad14b1661726a23aea44a85217aac
success npk7n1 dfb116945d21366ff4343f7d13390295
success npk7n1 3a8988be420df263363c502dfc53bc79
success a5tngj 54de13c741ac70643dd826f47f98dfe0
success 8carun 327beff64c6f1b8aa34025cbce8c5463
success npk7n1 3f341573620acbd7d9973eedfbf67b28
success a5tngj 866cdb2bedf94e5a30bef1f606cf69b0
success 8carun 5331a76d811bbe77bea2cd01081f3d04
success npk7n1 443ce11be3c5cc2c9b219ebbfe236fa8
success npk7n1 6eeaaa29d5a0089d30017707bb854d8a
success 77g6j8 f7f62cdfdf2c4eee2d0301f0e7e63bca
success 77g6j8 e27a86b3b1748986033f92a7eb1694be
success 77g6j8 0a91d9d56424a77d100c11930fd938d0
success a5tngj c9384cc3ec932c3e55bf0e3cb41a6713
success kpmyqv 304444d6e6e06495b5247a925f8ef6d7
success 77g6j8 933010874afe2cf30319b8dce9c49ae7
success npk7n1 5425a42f92fbfb6c6c8d3f55e29751f8
success 37kkve 543bde3bca0207b61396824e757681e0
success i6crze 22bebe58e0182afcf45d75a936457f7c
success a5tngj 2116fc3d21c2ffce05ccc6e0b6e16915
success a5tngj 11f5cebee3ba533b1d1ee5650c6c487f
success npk7n1 d9e23a7444fddd5a9a758504831ecfd3
success npk7n1 ce455a0656f97d80c44828b1e3d5f583
success npk7n1 7b004afa9a668bd58f065c980c1e1811
success npk7n1 6f281031e82c70435ee4ebd32da9c0c2
success a5tngj eb0287706c427f2aa44d1e110661b59d
success a5tngj eac02b888628d61bdd6d2e3dd0da3e16
success npk7n1 71745b73caf2c5b2b9c120cca016d26b
success npk7n1 cbf000a4a0bc889642c94bdfa1951e2a
success a5tngj 1724964726cb49db83d70f691c362728
success 77g6j8 58f973ceb82d4b922ea2d55a9b5ccdba
success a5tngj ed7486f03651bb9e3a026f60d5a25840
success 8carun aeda7ca4e6fd2c89d107fb589983549a
success 77g6j8 9e17f486f04906a239bd8964e513c8b0
success 77g6j8 c9fad6b348c60f855bdc5259e836ecfd
success kpmyqv 4ad71484aa89bf56ef0b67375427f22e
success npk7n1 95d92834f949d30c378adcc9370a783c
success mhavjj 1f2a13c6d68c899b6a3cf83cf0351b64
success npk7n1 1a792ea529e46e2cac27c030441d2cc4
success npk7n1 3a8988be420df263363c502dfc53bc79
success 8carun c400cae8734e733473a2183bac1c1bc9
success npk7n1 3a6d926b8e80b4ec9018ff4f97a675bf
success a5tngj 7348cfedd1256b111b50740f46617d57
success 77g6j8 5811c4e0c657bb1237c01a93ccb07a97
success npk7n1 2cd7ed65702ee75c88d4abd3dd6f5ab2
success npk7n1 c4e20cc3b5733379619ac172ef475fbe
success 77g6j8 3cb2e15153e004dd09848b909e4f776d
success npk7n1 3f341573620acbd7d9973eedfbf67b28
success npk7n1 b80efcc4e0b4f50e5aba9d61140a07cf
success npk7n1 21503fbe7cf81c6805b3ce2379ad282b
success npk7n1 3c0db21660047b77dd85aa03c939e8ab
success a5tngj 7d4bfaedb91c9fdf18d06306b6537370
success npk7n1 53a65d91d2afa8de00d49127a3ae99a7
success 77g6j8 0f37e081b24af50a322b96e90bc6e2a6
success 77g6j8 70539552da5b98d2ad4aa4d031580b5a
success npk7n1 3a8988be420df263363c502dfc53bc79
success npk7n1 9239931415df363fde9d48d51f2322ed
success a5tngj 39ee4a984e8b635e22c2727e5f7deae6
success npk7n1 137e481cb532f0cfa3e197b9006185b9
success 77g6j8 77d08b21e1e8591c5d5408282e6173d1
success a5tngj c5c474b0957903411d68b70ee2b0dc72
success a5tngj 41216b1deaf42080b5ff39eacfa5bacd
success 77g6j8 77619521cd0a2c34da13574e4911c9a7
success npk7n1 e83d1cdd67084c975a3bb77aea85683f
success 77g6j8 967b40b6e4198b39570ba5f36524b0fd
success a5tngj 8f4919b0b98cf8443caade53c12c405f
success npk7n1 37b9c2e1ce0d2f653ea947df1dc19d66
success a5tngj 4714dd0d4e75a095b1d1da15a3b17d05
success 77g6j8 32f946815ba9f2a13fdf3244ac229322
success 77g6j8 64d2f31415970249d2902c6900735fe7
success a5tngj c6797c877b5784b20ef998f8025e1f62
success npk7n1 bc698ce1f3d75539dcaf8eaa9991fbd3
success npk7n1 95d92834f949d30c378adcc9370a783c
success npk7n1 c4e20cc3b5733379619ac172ef475fbe
success 77g6j8 51e5fc69ef8dea2ff1c710ed83519544
success 77g6j8 98167817f5a2a4c12b3432a4e412a9a6
success 77g6j8 0892f631733cbf41f8a4b6a0426bfd51
success npk7n1 3f341573620acbd7d9973eedfbf67b28
success a5tngj 7089c14384c82be6ea308ab7f49a39d0
success npk7n1 035d880f9c8ba204e22afe4b39411430
success npk7n1 266b3efef800218eba0f69e30e025e6e
success a5tngj 0d33ddfd5b9774864c3a8d6003252e7a
success npk7n1 3803ecd36f1f462de9580afd79cb7cb7
success npk7n1 7a70e3a13bab3776f2b7a9376dac7c19
success izyxxz c3228a6e8f9b1c285f481faa446ade7b
success 77g6j8 f05a60bbdb6ce76a862fe513568cd925
success npk7n1 a89dbf1b4cc7f87306e0b7baca956f26
success npk7n1 d74de4fc0a432c8de97b4dfcedfd7fc2
success npk7n1 23c5a126093176ccebf6234d7a792b61
success 77g6j8 5a6dd708756dde3d28d4e35bc67de17c
success npk7n1 9b51c6068fd7b13d5c1fe0410012c20a
success 8carun 02460d56e24b2c9b55a8cc3de76ea135
success 8carun 26cdb9e579f61d806027fef7aab0b299
success 77g6j8 d0d93f96bf545aa68c03950c9e4a8574
success npk7n1 c3f10dda96ae1a7451e670b76e471539
success a5tngj f585d81942e1e9d238df6e5167e656d8
success 77g6j8 3606147c07dfd78c1f3d070c4710ef5d
success 77g6j8 9d91825f8f274501cb6ea727321d779b
success a5tngj 5f761597b4af6e6839486d0a69040b52
success kpmyqv 39b13830d4ff3576d4b40ffb72e1ceca
success 77g6j8 0afb2a86f30850293fc93ce50f392585
success npk7n1 9e5d8297e3452baec9da449bfe8b79fa
success npk7n1 c4e20cc3b5733379619ac172ef475fbe
success npk7n1 443ce11be3c5cc2c9b219ebbfe236fa8
success 77g6j8 765d0c04ca8d61110da5af1113659937
success npk7n1 3f341573620acbd7d9973eedfbf67b28
success mhavjj 7fd74007b7849246f290f297cf83c2a4
success a5tngj 2dab4514b95d97e1676f7c8335e4e458
success npk7n1 e016d2355e8bdec55ed021bd08475d0d
success a5tngj 3ed83e0071493c395a909ede0e23efff
success 77g6j8 5894edf20f760ac3183c3f0e10b84a4f
success 77g6j8 7e13027d62e1357e19f838c0398b0045
success 77g6j8 e5ba68fe788fa5c01b7a3b4d13dc182e
success npk7n1 1d106327a6c37a7c1cdcdeb1923da955
success npk7n1 829755c05324d2eb8b2c0ec3c3db6e1c
success 8carun 419a78696b8d5af5c6ebd0dca6d2338e
success a5tngj c654f779b1bb857690fb40472d3faee2
success 77g6j8 7fe064adaf035785444ef60d32585c2a
success 77g6j8 c5d923a4b76fad16f88977680e607b34
success 77g6j8 c27c9a334fc4392e37b72e3679b73ccc
success npk7n1 3f341573620acbd7d9973eedfbf67b28
success a5tngj 1e8e62a5ab35b8369107ffa689c229cd
success npk7n1 26767684de78dddb0e112b0a07ecf950
success 77g6j8 566ac6ae021a4a3409754a5f87aeef25
success npk7n1 40f4128784ec87907940eb3206c9f170
success i6crze 9701d01523999a3eef13c3c07b1c0e92
success 8carun 94e3c48fc66f6051ffe44140214c3bc0
success a5tngj b8f16b1f896361479c0a4ab0b4481285
success a5tngj ab9b36ff127ed8a234e58761ba8b7910
success npk7n1 18d039230242ca16e2643c5460f6bccc
success npk7n1 23c5a126093176ccebf6234d7a792b61
success npk7n1 ebc1e5d5a02ae7d878c77bbe40444f57
success 77g6j8 fd0fa5db4de811482bdb44ecead2c916
success npk7n1 40048c45d2f1b6b9c6e544138deb2423
success npk7n1 3f341573620acbd7d9973eedfbf67b28
success a5tngj 8bc3d3c1c4476000c9e61e717c1ec9be
success 77g6j8 5b61aa2654b41f93c9a86cdc2aef7b98
success 77g6j8 a605533dc642fe4358f3e858a6834a8e
success a5tngj decaf163eb8afd8d227033929b1b2df3
success 77g6j8 c7a3ac7c652656120ba1f01b9767d844
success npk7n1 625f1169d0c913f520d97a21c06471d2
success npk7n1 1d106327a6c37a7c1cdcdeb1923da955
success npk7n1 68808a071c83d4022cbad1f18374ce80
success a5tngj b183d5695cee12d33c402379fe49038c
success 77g6j8 6155fe2774275d2bfa8f8780a7f2646d
success a5tngj a272b28516fc25fd250687457d9696c7
success 77g6j8 ca8ef54dfdfc8a3c4a2d5d07de4d57d8
success npk7n1 3f341573620acbd7d9973eedfbf67b28
success a5tngj 03a98093ebec87d31593fc0c1dff48c8
success 77g6j8 732c9479ce01a639652731fbdfc071bf
success 3vfz6z 176e0f893db263b140878dadc1af8309
success a5tngj 7de6e9be478b91c9854fb1453c6e05e5
success 77g6j8 157f4a4094549738c2843cc5ef1737e3
success npk7n1 95d92834f949d30c378adcc9370a783c
success npk7n1 d9e23a7444fddd5a9a758504831ecfd3
success 77g6j8 ee5430a61247a54fba797c71f586c029
success npk7n1 bd963ee4f5f12d84582f283e60875282
success npk7n1 503b76aa63c1e5f99f25bccd7969994a
success npk7n1 3803ecd36f1f462de9580afd79cb7cb7
success npk7n1 3f341573620acbd7d9973eedfbf67b28
success npk7n1 381cea8cb4592b26306702a446984ab8
success npk7n1 288dc0abeca4b9dbf1e70624897c4041
success npk7n1 e8aee143deb4625b42d1221d246b5657
success 77g6j8 bb62a16fe3c123eb4f22cfd74a81926b
success npk7n1 035d880f9c8ba204e22afe4b39411430
success 77g6j8 2ebdd5d2188ce128f3282d8553bea1dc
success 8carun 6626f92db3e7236d5e4a04c254189be2
success a5tngj 947d2dad3cdd85539f10ae5ff61a0cc8
success a5tngj e47a1dca3a311ea7026139a6a86ff5e6
success 77g6j8 d5dfb1bb6958376b454111203c018a55
success 77g6j8 030e4b5bb880372a2c1fdd60b153ddd1
success kpmyqv 774f5373ce73436789b8bdcd0de9c5b8
success a5tngj 46a0d470c906ed8e28074d601484d586
success a5tngj 37b30acc862d2a7c88a2ad6d3ef330bc
success 8carun e5bb2b4e92ec777a44cb16986bef5137
success a5tngj 16bd037e940ad1eff8543f617ea8534d
success npk7n1 c18865c37b8f678a480a7bb77182ea0c
success npk7n1 e3a2591f70d3fb86065283252a33aaf2
success npk7n1 5425a42f92fbfb6c6c8d3f55e29751f8
success a5tngj 53690bb811b2acaafaf12eb05ec9224d
success a5tngj 5f8dfb58f5b4158f3ed1e3dc67294644
success a5tngj 7f01f9c23c6fa5bb830ad66f326610d4
success npk7n1 7a70e3a13bab3776f2b7a9376dac7c19
success 77g6j8 5d48f0d1fbce08e0a519f323eadfd81d
success 77g6j8 190d7bd3c14dc407979cb3bf2e11de38
success 77g6j8 0f5b40b4701598e79d0b6a26b2de840d
success a5tngj 2ebe5ec8b48360ee76413acd2e167bcc
success npk7n1 362953fff0359648ce7c5f56b6eb3080
success 8carun b874bbffb48ad68373757ef0cfb73556
success npk7n1 d8ebdd700075873b927f5ac7ff9fed3c
success 77g6j8 962301cb1517c1427163da3ccb735eb1
success npk7n1 7fce05bc3bc39c09d66edac6a11ddc02
success 77g6j8 720b3e5a5d21d50a11fe2b3bcb3906cb
success 77g6j8 f7a71007a15bbe8bbca19b5f6adb0530
success a5tngj 6310e32657447c71a165de54e4ca9acc
success a5tngj 5633e689df17a205f521f432b48c240b
success a5tngj f8ae7ed2ef0e2c606d7073531128dddb
success 77g6j8 6280884fcd58187d2703c93660c11f80
success npk7n1 697994635526029977177028d824a565
success npk7n1 dfb116945d21366ff4343f7d13390295
success npk7n1 9d6e51fafb22aa59cafc0a43e2e57a9f
success a5tngj 20d9a3ba3a16aa830c42792bf54dcefb
success i6crze c805a74ae43c2e33202131a4d29b2684
success npk7n1 784cab55827478ac57f41e14ca39f2b9
success 77g6j8 caab2d55ad69a800d279daa6d8e67df1
success 77g6j8 a12ba9145671e2c07596605983eea392
success 77g6j8 50183b1b37d1c3bbd455c6fa47b97d24
success 77g6j8 fab516c1ea5cf0265cd83f9af82e00f4
success a5tngj 117f27c02adb7fd700fce9c2c3a44f82
success 77g6j8 646f5fd7080becc6c040dd79c8c22c75
success 77g6j8 8617d51e4d530752223e4ff85b288ef3
success npk7n1 d9e23a7444fddd5a9a758504831ecfd3
success a5tngj 0299319e7157298e1ca3fab6b1c67e5c
success a5tngj 2f6f7bfa5d3d6ead8ab4eb7d09e23066
success npk7n1 038ef5d13f82574fa996ab45ee88abfd
success 77g6j8 d28d1155ccb45ea810816c4dca97cf32
success npk7n1 2fa5da9b420097c605b396a6313e9b2d
success npk7n1 65538b356d84e0cd75c55839d1df10c2
success 77g6j8 e2ae9340ffab17169a42291a1d54be52
success npk7n1 40ea1eb16a3c52bd4b8e399de15a614d
success 77g6j8 bf78cb0cad600ecaad8d116f6ae3b0b2
success 77g6j8 48cfecf5d120b8e847d08595c45773ea
success 77g6j8 44311c3b1e873d21d247e14e3f63e693
success npk7n1 503b76aa63c1e5f99f25bccd7969994a
success npk7n1 0fbd023c8d5389376a728d7856021c5c
success npk7n1 6b9b21951c7a38beb84ff0ac46676ed2
success a5tngj a05513bfec221ebfd556352e8acf5e88
success npk7n1 784cab55827478ac57f41e14ca39f2b9
success npk7n1 d00d0d919034740eddeb61b7d1de20ef
success a5tngj 596ff79b5b16287d49cb2f466cf93dee
success a5tngj 7fd3c62ef367048f7d5d00a8e73460af
success npk7n1 dae6ffe33628c8d38c4b9c49ce50a6ba
success 77g6j8 84efc23746c76e4c1a686acfa8a33ae1
success npk7n1 1d106327a6c37a7c1cdcdeb1923da955
success npk7n1 9b61f9b7e39020572d4e0e3f8e4c3710
success 77g6j8 1f5dadb08c3d1fd07fab55eaaef4a2c3
success i6crze 74717cbb2a2c36ea850096cef6110d91
success a5tngj 775389a09de275a7a6cb59e3741a6a02
success a5tngj da878091968567eddf1719c8c9759d92
success 37kkve 3716ea4e7802385c57b9dac39c1e0d09
success 77g6j8 d554fbac133672b29534dc44fc6919e8
success npk7n1 1c8b64b11c81d4c046561ac5278fa75e
success npk7n1 0a89ea12de2604a4189f598afd8ba0fd
success npk7n1 882e9c2735e0f274d85a81fbbc1a3f28
success a5tngj 8f085c404c0d465bdd1c3a731f587474
success 77g6j8 f9fbb95d7f393e9764714b4e4abb9352
success npk7n1 7fce05bc3bc39c09d66edac6a11ddc02
success npk7n1 97f5f3bae80eea1fab54a456d06530ad
success 77g6j8 5c2bbee13215753d11c943670dc5066f
success a5tngj 64470d334b3996bcc205afd6cfc545b2
success 77g6j8 19d4d67be4075073120a10fdd7f18a95
success a5tngj cdc548ff1767fcdd30f786e07557e602
success a5tngj 3da8f5de6a7fff18eff3a586a8258adb
success a5tngj 5ee4f6277db772e99c50ac0a9a99b399
success 77g6j8 f1a4e3e5bc2c91a51810d1430c1ff732
success npk7n1 23c5a126093176ccebf6234d7a792b61
success npk7n1 0fbd023c8d5389376a728d7856021c5c
success a5tngj 2441b500ab8af2b3a1c12fbdf3269f7a
success npk7n1 0f6f1b4b5b816d72fe92831a9b21cd69
success npk7n1 7a70e3a13bab3776f2b7a9376dac7c19
success a5tngj 68685860ac0bdad7817f136904daf266
success npk7n1 9004b45100408c3dc5e74ce87848bcaa
success npk7n1 cf0abc237f4f3265a0d919e284102796
success npk7n1 0a89ea12de2604a4189f598afd8ba0fd
success 77g6j8 eaab5d6127db3ecb4486a70b0dee5f9a
success 77g6j8 b3dbbdf9c8ad55486c5147f4bfa32249
success 77g6j8 bff1a706b3eafd403b00c5bbcda19e66
success a5tngj a0f9093d0f4ac011a4d683d4d6fae8f7
success 8carun eb69df754acd3c0c677648377b186b14
success npk7n1 e9474dda5ceb6d1c1c80a56122059b40
success npk7n1 137e481cb532f0cfa3e197b9006185b9
success 77g6j8 ff74af93c1430ea15a3c0798923dd984
success a5tngj 9de5b8eaf7e70584d77e481a3e1faccf
success a5tngj 3f200bc8a19eefe7dd67d2d3372e7eba
success npk7n1 82e61c1990aa85cc86c46ec5b88ba39b
success npk7n1 6b9b21951c7a38beb84ff0ac46676ed2
success 77g6j8 17fc04d777678d7da8962db46305540e
success 77g6j8 b84f9adafd1e1b857f68c07f6964336c
success npk7n1 913edb373ebee9a70c97f9b0d8fc87a5
success 8carun 3d02b7c39fff31be38bafde2d89a8c19
success 77g6j8 ca7a873d8dcb54b1f2df3a481aa1b054
success npk7n1 85568bbc51faf371b57d0367f8f055e1
success 77g6j8 279fa58502285e2099706fb98503e73e
success npk7n1 386cffc540d113bcb7f5702c482a2b60
success a5tngj ab9e6e5b95dd2880a925c350fe9e90d4
success npk7n1 bbee8b65308ff1a722cdd29003ac5baa
success npk7n1 2fa5da9b420097c605b396a6313e9b2d
success a5tngj 7b28d3608b33e3ab9325b5d7a41286ee
success npk7n1 0f6f1b4b5b816d72fe92831a9b21cd69
success npk7n1 2cd7ed65702ee75c88d4abd3dd6f5ab2
success npk7n1 0a89ea12de2604a4189f598afd8ba0fd
success npk7n1 8c5e90e561c0392e57db33395a271ec4
success npk7n1 e184f5a4cd3aa3fa74da4ce81e78d0ed
success 77g6j8 898fb22c27c35eae92841028c88cc6f1
success npk7n1 97f5f3bae80eea1fab54a456d06530ad
success npk7n1 cf0abc237f4f3265a0d919e284102796
success a5tngj 39cf8e05c2f0e7c0cbf615f9aee7b1a4
success kpmyqv aca2ef6caaca5d28ca4a1c599d808b4f
success 8carun 2737c298f7f66ec1f2b90127ba8ed903
success 77g6j8 b583cd3432993bda190733f6f1a276e6
success a5tngj 0895f1fe46de0147b377316550079a65
success npk7n1 0a89ea12de2604a4189f598afd8ba0fd
success 77g6j8 94ef9e5e251d520e2fc7757cb03a9c00
success a5tngj 022db737b06bd575a06c265765c42226
success npk7n1 7a70e3a13bab3776f2b7a9376dac7c19
success npk7n1 e184f5a4cd3aa3fa74da4ce81e78d0ed
success npk7n1 50b209fd6adf3d895c705eab06c80a33
success 77g6j8 05913dd3705a27a294232e58e8335acb
success npk7n1 ce0ec8d62159a5f182a412946d775e62
success 77g6j8 1975c1f6f7fd191cd906d1b799b05d66
success npk7n1 a3a6af868774a3f9f8736a85000096bf
success a5tngj 648e0373065b58674179b6ff5b071300
success 77g6j8 8eca92245edc7127875a4e198ed6c4a8
success 77g6j8 1e3f9378a316b522c27e9e6ea75ca8fa
success npk7n1 0fbd023c8d5389376a728d7856021c5c
success npk7n1 0a89ea12de2604a4189f598afd8ba0fd
success 77g6j8 ace55e827453bdeb09b767c0cb511243
success npk7n1 7e703fb76cb65f500ed1b6c800d35f10
success npk7n1 6bba867fb9aea074e3b6f626f2277457
success npk7n1 f2a7b09bd22aaa9f40afd1674c7e840d
success a5tngj 2d0abb872f4ef9972a1631164dc278f3
success a5tngj 64fdf82f6cb1264de86d6b8e379c307e
success npk7n1 e5f7cc8a4225865245907dc15944a060
success a5tngj edbbcafaf8f943edcaf62a6d76d40f66
success a5tngj b06b9984c3a3d50c21adbbef8f1b12dc
success npk7n1 0f6f1b4b5b816d72fe92831a9b21cd69
success kpmyqv 1ce4bb8340ea84976ecee4cac3ac8688
success 77g6j8 306a3c61d5148d6192e7a6e4ece2512e
success npk7n1 0a89ea12de2604a4189f598afd8ba0fd
success kpmyqv 8efab25663d1ac4937971893d6ea934b
success a5tngj cb21ec8ca1f1796af1e0c88a5a9162ae
success a5tngj 631bff0c29c9ff60911698261f2100d0
success npk7n1 7a70e3a13bab3776f2b7a9376dac7c19
success a5tngj 41dee7d5b3edbfa0ea05dfb899aed248
success npk7n1 97f5f3bae80eea1fab54a456d06530ad
success 77g6j8 a6f3e8d91231fa4c794a1b4dce834712
success a5tngj f209897a0486a48887c9a44c70e9bcaf
success a5tngj 3eb0f01d214c6447e2a9b6783bae94bb
success i6crze d90409d4fdc8df3aec3f50383f39e670
success i6crze c7461232e880863e62cd52b42c666af0
success npk7n1 9e5d8297e3452baec9da449bfe8b79fa
success npk7n1 0a89ea12de2604a4189f598afd8ba0fd
success npk7n1 b0a4a3e4451d553c913e126b6c28ba06
success npk7n1 d74de4fc0a432c8de97b4dfcedfd7fc2
success a5tngj 7d0a054e15541c94260fb2a496f1ee48
success i6crze 830301be522daf0377c526bde71e2dea
success a5tngj efea308f566ec4d2e40c1b7d499acda2
success npk7n1 7a70e3a13bab3776f2b7a9376dac7c19
success 77g6j8 4036d855948187d2a5d0ee01db426918
success a5tngj a9e7d49f01b33900f58cf1aec78ad091
success npk7n1 0a89ea12de2604a4189f598afd8ba0fd
success a5tngj d57f3f4645bc36b8aa200b0aec3c643e
success kpmyqv d50ee5e0bd439b63c447e695b6c645c3
success 77g6j8 6d9499a1847037c36d837fae2b76fa1c
success npk7n1 97f5f3bae80eea1fab54a456d06530ad
success
Traceback (most recent call last):
  File "affiliate/ad_statis_new.py", line 539, in <module>
    main(index)
  File "affiliate/ad_statis_new.py", line 530, in main
    AdStatisClass.doAdStatis()
  File "affiliate/ad_statis_new.py", line 34, in doAdStatis
    self.adStatis()
  File "affiliate/ad_statis_new.py", line 74, in adStatis
    redisData = self.RedisClass.getAdStatValue(key)
  File "/home/ec2-user/tracking/AdClickIO/affiliate/model/redis_model.py", line 31, in getAdStatValue
    res = r.hmget(key,*names)
  File "/usr/local/lib/python3.6/site-packages/redis/client.py", line 2016, in hmget
    return self.execute_command('HMGET', name, *args)
  File "/usr/local/lib/python3.6/site-packages/redis/client.py", line 668, in execute_command
    return self.parse_response(connection, command_name, **options)
  File "/usr/local/lib/python3.6/site-packages/redis/client.py", line 680, in parse_response
    response = connection.read_response()
  File "/usr/local/lib/python3.6/site-packages/redis/connection.py", line 624, in read_response
    response = self._parser.read_response()
  File "/usr/local/lib/python3.6/site-packages/redis/connection.py", line 284, in read_response
    response = self._buffer.readline()
  File "/usr/local/lib/python3.6/site-packages/redis/connection.py", line 216, in readline
    self._read_from_socket()
  File "/usr/local/lib/python3.6/site-packages/redis/connection.py", line 174, in _read_from_socket
    data = recv(self._sock, socket_read_size)
  File "/usr/local/lib/python3.6/site-packages/redis/_compat.py", line 79, in recv
    return sock.recv(*args, **kwargs)
KeyboardInterrupt
